2025-08-01 01:28:51.243 [LE] INFO  [JTS-Main] - ------------------------------- TWS RESTART --------------------------------
2025-08-01 01:28:51.250 [LE] INFO  [JTS-Main] - installer version: 4.101, installer type: updatable, install dir: 'C:\Users\mrbat\Desktop\495\tws\', Jts dir: 'C:\Users\mrbat\Desktop\495\tws', VM options file: 'C:\Users\mrbat\Desktop\495\tws\tws.vmoptions'
2025-08-01 01:28:51.261 [LE] INFO  [JTS-Main] - PROXY Installed custom selector
2025-08-01 01:28:51.351 [LE] INFO  [JTS-Main] - Setting custom timezone: America/New_York
2025-08-01 01:28:51.357 [LE] INFO  [JTS-Main] - LOCALE: Property locale_to_use=null JTS Locale=en_US  country=United States  variant=
2025-08-01 01:28:51.358 [LE] INFO  [JTS-Main] - Region: America
2025-08-01 01:28:51.358 [LE] INFO  [JTS-Main] - URL for locales.jar from argument: https://download2.interactivebrokers.com/installers/shared/i18n/ib
2025-08-01 01:28:51.359 [LE] INFO  [JTS-Main] - Starting to download 'https://download2.interactivebrokers.com/installers/shared/i18n/ib/locales.jar' using HotBackup 'https://download2.interactivebrokers.com/installers/shared/i18n/ib/locales.jar'
2025-08-01 01:28:51.773 [LE] INFO  [JTS-Main] - LOCALE: needToUpdate  dest=C:\Users\mrbat\Desktop\495\tws\jars\locales.jar  sourceMod=2025-07-31 16:11:52  destMod=2025-07-31 16:11:52  sourceSize=151902  destSize=151902  conditions=[NEWER_REMOTE, LOCAL_IN_FUTURE, SIZE_DIFFERS]  download=false
2025-08-01 01:28:51.773 [LE] INFO  [JTS-Main] - LOCALE: C:\Users\mrbat\Desktop\495\tws\jars\locales.jar already up-to-date
2025-08-01 01:28:51.789 [LE] INFO  [JTS-Main] - DocumentBuilderFactory=jrt:/java.xml/com/sun/org/apache/xerces/internal/jaxp/DocumentBuilderFactoryImpl.class
2025-08-01 01:28:51.802 [LE] INFO  [JTS-Main] - LOCALE: loaded 11 supported locales
2025-08-01 01:28:51.810 [LE] INFO  [JTS-Main] - LOCALE: loaded 10 countries
2025-08-01 01:28:51.815 [LE] INFO  [JTS-Main] - Locale from ini: en
2025-08-01 01:28:51.815 [LE] INFO  [JTS-Main] - LOCALE: created classloader java.net.URLClassLoader@3a45c42a with file:/C:/Users/mrbat/Desktop/495/tws/jars/locales.jar, parent: jdk.internal.loader.ClassLoaders$AppClassLoader@28c97a5
2025-08-01 01:28:51.817 [LE] INFO  [JTS-Main] - Locale=en_US  country=United States  variant=
2025-08-01 01:28:51.818 [LE] INFO  [JTS-Main] - prohibiting class lookup [twslaunch.ji18n.LauncherLanguage]
2025-08-01 01:28:51.820 [LE] INFO  [JTS-Main] - prohibiting class lookup [twslaunch.ji18n.LauncherLanguage_en]
2025-08-01 01:28:51.820 [LE] INFO  [JTS-Main] - prohibiting class lookup [twslaunch.ji18n.LauncherLanguage_en_US]
2025-08-01 01:28:51.820 [LE] INFO  [JTS-Main] - LOCALE:  type: launcher intended: en_US actual:  size: 503
2025-08-01 01:28:51.820 [LE] INFO  [JTS-Main] - settings dir: 'C:\Users\mrbat\Desktop\495\tws'
2025-08-01 01:28:51.834 [LE] INFO  [JTS-Main] - Verifying environment [entryPoint=TWS_UPDATABLE]...
2025-08-01 01:28:51.834 [LE] INFO  [AWT-EventQueue-0] - LauncherFontUpdater: simulatehighdefscreen=false
2025-08-01 01:28:51.834 [LE] INFO  [AWT-EventQueue-0] - LauncherFontUpdater: Screen dimensions=1920x1080
2025-08-01 01:28:51.834 [LE] INFO  [AWT-EventQueue-0] - LauncherFontUpdater: highres=false
2025-08-01 01:28:51.834 [LE] INFO  [AWT-EventQueue-0] - LauncherFontUpdater: FontSize=16
2025-08-01 01:28:51.839 [LE] INFO  [AWT-EventQueue-0] - LauncherJtsLookAndFeel initialized
2025-08-01 01:28:51.881 [LE] INFO  [AWT-EventQueue-0] - Install4jAutoUpdateService initialized [props=LauncherProperties[updateDownloadUrl=https://download2.interactivebrokers.com/installers/tws/latest,skipUpdateCheck=false,nightlyEnabled=false,channelNameArg=null,channelName=latest,channelChanged=false,jtsConfigDir=C:\Users\mrbat\Desktop\495\tws,apiPort=null,sessionId=null,installDir=C:\Users\mrbat\Desktop\495\tws\,exeName=tws]].
2025-08-01 01:28:51.897 [LE] INFO  [AWT-EventQueue-0] - Proxy not found for accessing 'https://download2.interactivebrokers.com/installers/tws/latest'
2025-08-01 01:28:51.898 [LE] INFO  [AWT-EventQueue-0] - Checking for update [args=[-Vchannel=latest, -VchannelChanged=false, -VcustomJtsConfigDir=C:\Users\mrbat\Desktop\495\tws]]...
2025-08-01 01:28:53.573 [LE] INFO  [JTS-Main] - Initializing launcher downloader [internalJars=jts4launch-1039-windows-x64.jar,internalJarsUrl=https://download2.interactivebrokers.com/installers/tws/latest,thirdPartyJars=jackson-databind-2.12.3.jar:jxbrowser-7.41.3.jar:total-2024.jar:batik-all-1.16.jar:jxbrowser-swing-7.41.3.jar:fop-2.8.jar:protobuf-java-3.25.6.jar:jxbrowser-win64-7.41.3.jar:jackson-annotations-2.12.3.jar:xmlgraphics-commons-2.8.jar,thirdPartyJarsUrl=https://download2.interactivebrokers.com/installers/jars,mainJarName=jts4launch-1039-windows-x64.jar,mainJarDigest=4a482de7e214afa4de7fcb07d2e48e9a1b78c3f3f3fa7a426b6ddc9b941f8784,ignoreDate=false,ignoreDownload=false]...
2025-08-01 01:28:53.573 [LE] INFO  [JTS-Main] - Verifying SHA-256 digest [digestUrl=https://download2.interactivebrokers.com/installers/tws/latest/jts4launch-1039-windows-x64.jar.sha256,expectedDigest=4a482de7e214afa4de7fcb07d2e48e9a1b78c3f3f3fa7a426b6ddc9b941f8784]...
2025-08-01 01:28:53.574 [LE] INFO  [JTS-Main] - Starting to download 'https://download2.interactivebrokers.com/installers/tws/latest/jts4launch-1039-windows-x64.jar.sha256' using HotBackup 'https://download2.interactivebrokers.com/installers/tws/latest/jts4launch-1039-windows-x64.jar.sha256'
2025-08-01 01:28:53.597 [LE] INFO  [JTS-Main] - getFileFromUrl: dest=C:\Users\mrbat\AppData\Local\Temp\digest3327200728107731210.tmp empty sourceSize=64
2025-08-01 01:28:53.598 [LE] INFO  [JTS-Main] - Finished downloading file [path=/installers/tws/latest/jts4launch-1039-windows-x64.jar.sha256,startPosition=0,totalBytesRead=64,fileLen=64,remoteLength=64].
2025-08-01 01:28:53.607 [LE] INFO  [JTS-Main] - Remote 'jts4launch-1039-windows-x64.jar' is compatible with this launcher.
2025-08-01 01:28:53.913 [LE] INFO  [JTS-Main] - Checking which local files need to be updated [relaxedRemoteFileSize: false]...
2025-08-01 01:28:53.913 [LE] INFO  [JTS-Main] - 0 file(s) need to be updated.
2025-08-01 01:28:53.921 [LE] INFO  [JTS-MiscUlrsRequester-2] - Connecting cdc1.ibllc.com:4000 timeout=10000...
2025-08-01 01:28:53.969 [LE] INFO  [JTS-MiscUlrsRequester-2] - Connected to cdc1.ibllc.com:4000/8.17.22.31 remote-ip on local port 0 socket local addrs:port /192.168.1.166:57668
2025-08-01 01:28:53.971 [LE] INFO  [JTS-MiscUlrsRequester-2] - Updating machine info [connectionAddress=/192.168.1.166]...
2025-08-01 01:28:53.971 [LE] INFO  [JTS-MiscUlrsRequester-2] - Creating unique random...
2025-08-01 01:28:53.976 [LE] INFO  [JTS-MiscUlrsRequester-2] - id=14460645
2025-08-01 01:28:53.976 [LE] INFO  [JTS-MiscUlrsRequester-2] - Resolving MAC address...
2025-08-01 01:28:53.987 [LE] INFO  [JTS-MiscUlrsRequester-2] - MACNetworkInfo created <14460645|34:5A:60:10:8B:2E|192.168.1.166>.
2025-08-01 01:28:53.992 [LE] INFO  [JTS-MISC URLsListenerS1-3] - Starting listener thread [sessionID=1]...
2025-08-01 01:28:54.003 [LE] INFO  [JTS-MiscUlrsRequester-2] - Sending MiscUrls request
2025-08-01 01:28:54.004 [LE] INFO  [JTS-AuthDispatcherS1-4] - Starting dispatcher thread [sessionID=1]...
2025-08-01 01:28:54.006 [LE] INFO  [JTS-MiscUlrsRequester-2] - LOGIN_TIME_MONITOR	 false 01:28:54:006 since start = 0 thread delay = 0 global delay = 0 tag=null, cls=AuthDispatcher method=send
2025-08-01 01:28:54.006 [LE] INFO  [JTS-AuthResponseMonitor-5] - Starting auth response monitor thread
2025-08-01 01:28:54.006 [LE] INFO  [JTS-MISC URLsListenerS1-3] - Initial listener buffer size is 65536.
2025-08-01 01:28:54.006 [LE] INFO  [JTS-MISC URLsListenerS1-3] - Listener thread [sessionID=1] is ready to process messages.
2025-08-01 01:28:54.034 [LE] INFO  [JTS-AuthDispatcherS1-4] - Received NS_MISC_URLS
2025-08-01 01:28:54.034 [LE] INFO  [JTS-AuthDispatcherS1-4] - IBMiscUrl.miscUrlMessage()[sslRequired=true]
2025-08-01 01:28:54.035 [LE] INFO  [JTS-AuthDispatcherS1-4] - Misc URL: scope is blank - setting userScope to EXTERNAL
2025-08-01 01:28:54.035 [LE] INFO  [JTS-AuthDispatcherS1-4] - Misc URL: setting userScope to EXTERNAL
2025-08-01 01:28:54.038 [LE] INFO  [AWT-EventQueue-0] - OvernightManager.dayInit: new values: dayOfTheWeek: 6 (Fri), YYYYMMofToday: 202508, YYYYMMDDofToday: 20250801, m_todayDate: 20250801, dueToChangeInTimezone: false
2025-08-01 01:28:54.038 [LE] INFO  [JTS-AuthDispatcherS1-4] - Disconnecting cdc1.ibllc.com:4000 [disconnectDetails=DisconnectDetails[sessionID=1,endPoint=cdc1.ibllc.com:4000,reason=DISCONNECT_BY_DESIGN,cause=null,systemMessage=null,keepSocketOpen=false]]...
2025-08-01 01:28:54.039 [LE] INFO  [JTS-AuthDispatcherS1-4] - Socket closed.
2025-08-01 01:28:54.039 [LE] INFO  [JTS-MISC URLsListenerS1-3] - Socket or stream for connection cdc1.ibllc.com:4000 was closed by another thread.
2025-08-01 01:28:54.039 [LE] INFO  [JTS-AuthDispatcherS1-4] - SocketTracker[name=name=MISC URLs(cdc1.ibllc.com:4000),usesCcpConMan=false,lastReadTimestamp=1754026134033,lastReadDateTime=2025-08-01T01:28:54.033,lastFixSendTime=].
2025-08-01 01:28:54.040 [LE] INFO  [JTS-AuthDispatcherS1-4] - Interrupting dispatcher [sessionID=1]...
2025-08-01 01:28:54.040 [LE] INFO  [JTS-AuthDispatcherS1-4] - Interrupting listener [sessionID=1,disconnectSocket=true]...
2025-08-01 01:28:54.040 [LE] INFO  [JTS-AuthDispatcherS1-4] - Dispatcher thread terminating [sessionID=1,interrupted=true]...
2025-08-01 01:28:54.040 [LE] INFO  [JTS-MISC URLsListenerS1-3] - Listener thread terminating [sessionID=1] [seen=1159,totalShifted=1159,moreAvailable=0]
2025-08-01 01:28:54.040 [LE] INFO  [JTS-AuthResponseMonitor-5] - Terminating auth response monitor thread
2025-08-01 01:28:54.201 [LE] INFO  [AWT-EventQueue-0] - Default timezone:America/New_York
2025-08-01 01:28:54.203 [LE] INFO  [AWT-EventQueue-0] - Starting GstatMessageMgr...
2025-08-01 01:28:54.207 [LE] INFO  [JTS-GstatMessageMgr-8] - Sending a request to GSTAT [url=https://api.ibkr.com/v1/gstat//bulletins,data='{"p":"10391d","t":"Maintenance","tz":"America/New_York","format":"webapp","theme":"dark","fontSize":"12px","lang":"en"}']...
2025-08-01 01:28:54.220 [LE] INFO  [AWT-EventQueue-0] - Started on 20250801-05:28:54
2025-08-01 01:28:54.221 [LE] INFO  [AWT-EventQueue-0] - Default timezone:America/New_York name:Eastern Standard Time dst:3600000
2025-08-01 01:28:54.221 [LE] INFO  [AWT-EventQueue-0] - java version = 17.0.10.0.101
2025-08-01 01:28:54.221 [LE] INFO  [AWT-EventQueue-0] - sun.arch.data.model = 64
2025-08-01 01:28:54.221 [LE] INFO  [AWT-EventQueue-0] - os = Windows 11
2025-08-01 01:28:54.221 [LE] INFO  [AWT-EventQueue-0] - os version = 10.0
2025-08-01 01:28:54.221 [LE] INFO  [AWT-EventQueue-0] - os architecture = 64
2025-08-01 01:28:54.221 [LE] INFO  [AWT-EventQueue-0] - runtime = OpenJDK Runtime Environment
2025-08-01 01:28:54.221 [LE] INFO  [AWT-EventQueue-0] - vendor = Azul Systems, Inc.
2025-08-01 01:28:54.221 [LE] INFO  [AWT-EventQueue-0] - vm name = OpenJDK 64-Bit Server VM
2025-08-01 01:28:54.221 [LE] INFO  [AWT-EventQueue-0] - username = 'mrbat'
2025-08-01 01:28:54.376 [LE] INFO  [AWT-EventQueue-0] - Basic init done. Login window shown
2025-08-01 01:28:54.377 [LE] INFO  [JTS-Main] - Launcher created @ 20250729-16:08:59
2025-08-01 01:28:54.400 [LE] INFO  [JTS-GstatMessageMgr-8] - Received response [errorCode=204,contentLen=-1].
2025-08-01 01:28:55.138 [LE] INFO  [JavaFX Application Thread] - GstatMessagePanel: setup web app is done
2025-08-01 01:29:10.787 [LE] INFO  [AWT-EventQueue-0] - Stopping GstatMessageMgr...
2025-08-01 01:29:10.788 [LE] INFO  [AWT-EventQueue-0] - LoginWindow.onLogin() - request MiscUrls
2025-08-01 01:29:10.789 [LE] INFO  [AWT-EventQueue-0] - Setting dir is C:\Users\mrbat\Desktop\495\tws\
2025-08-01 01:29:10.789 [LE] INFO  [AWT-EventQueue-0] - PROXY Cleared HTTP proxy: no valid proxy is present (passing on :0)
2025-08-01 01:29:10.793 [LE] INFO  [AWT-EventQueue-0] - host = cdc1.ibllc.com
2025-08-01 01:29:10.793 [LE] INFO  [AWT-EventQueue-0] - remotePort = 4001
2025-08-01 01:29:10.793 [LE] INFO  [AWT-EventQueue-0] - localPort = 0
2025-08-01 01:29:10.794 [LE] INFO  [AWT-EventQueue-0] - SPLASH Creating screen with 11 steps
2025-08-01 01:29:10.812 [LE] INFO  [AWT-EventQueue-0] - UserCredentials.sessionId() [this=1033322388,old=null,new=688c50a6.032b].
2025-08-01 01:29:10.812 [LE] INFO  [AWT-EventQueue-0] - CONN CALC: Last connection attempt time is cleared!
2025-08-01 01:29:10.812 [LE] INFO  [AWT-EventQueue-0] - CONN CALC: Last connection set as now:01:29:10:812
2025-08-01 01:29:10.812 [LE] INFO  [AWT-EventQueue-0] - Prelogin delay:0
2025-08-01 01:29:10.813 [LE] INFO  [JTS-Login-10] - Starting launcher login thread
2025-08-01 01:29:10.813 [LE] INFO  [AWT-EventQueue-0] - Network monitor is activated
2025-08-01 01:29:10.813 [LE] INFO  [JTS-Login-10] - LauncherLoginThread.runLoginWithUI()[hotBackupStrategy=ON,loginAttempt=1,socketDelay=20000].
2025-08-01 01:29:10.813 [LE] INFO  [JTS-Login-10] - SPLASH Connecting to server
2025-08-01 01:29:10.815 [LE] INFO  [JTS-Login-10] - ### startLogin startTime=1754026150812
2025-08-01 01:29:10.815 [LE] INFO  [JTS-Login-10] - ### loginAttempt loginAttempt=1
2025-08-01 01:29:10.815 [LE] INFO  [JTS-Login-10] - Connecting cdc1.ibllc.com:4001 (SSL) timeout=20000...
2025-08-01 01:29:10.815 [LE] INFO  [JTS-Login-10] - ### onSocketOpenStart socketOpenStart=1754026150815; endPoint=cdc1.ibllc.com; port=4001
2025-08-01 01:29:10.846 [LE] INFO  [JTS-Login-10] - ### onSocketOpenEnd socketOpenEnd=1754026150846
2025-08-01 01:29:10.846 [LE] INFO  [JTS-Login-10] - Connected to cdc1.ibllc.com:4001 (SSL)/8.17.22.31 remote-ip on local port 0 socket local addrs:port /192.168.1.166:57678
2025-08-01 01:29:10.846 [LE] INFO  [JTS-Login-10] - Updating machine info [connectionAddress=/192.168.1.166]...
2025-08-01 01:29:10.847 [LE] INFO  [JTS-Login-10] - JTSAuthConnection.onConnected(): lastKnownCipherStatus=INSECURE
2025-08-01 01:29:10.847 [LE] INFO  [JTS-Login-10] - Changing state for connection from PRELOGON to PRELOGON in B 410830320: SessionSocket:2
2025-08-01 01:29:10.847 [LE] INFO  [JTS-Login-10] - Authenticating
2025-08-01 01:29:10.847 [LE] INFO  [JTS-Login-10] - AuthTimeoutMonitor-CCP: deactivate
2025-08-01 01:29:10.847 [LE] INFO  [JTS-Login-10] - AuthTimeoutMonitor-CCP: timeout=20000
2025-08-01 01:29:10.847 [LE] INFO  [JTS-CCPListenerS2-12] - Starting listener thread [sessionID=2]...
2025-08-01 01:29:10.848 [LE] INFO  [JTS-Login-10] - AuthTimeoutMonitor-CCP: activate
2025-08-01 01:29:10.848 [LE] INFO  [JTS-AuthTimeoutMonitorThread-CCP-14] - Starting auth timeout monitor thread for CCP
2025-08-01 01:29:10.848 [LE] INFO  [JTS-Login-10] - SPLASH -0001 step 1 AuthDispatcher.connect
2025-08-01 01:29:10.848 [LE] INFO  [JTS-Login-10] - Sending connect request
2025-08-01 01:29:10.848 [LE] INFO  [JTS-AuthDispatcherS2-13] - Starting dispatcher thread [sessionID=2]...
2025-08-01 01:29:10.848 [LE] INFO  [JTS-Login-10] - AuthDispatcher.initNSMsgVersionLimits: minVersion=38, maxVersion=50
2025-08-01 01:29:10.850 [LE] INFO  [JTS-Login-10] - AuthDispatcher.NSConnectRequest: userSessionID=688c50a6.032b, beeDemoType=NULL
2025-08-01 01:29:10.850 [LE] INFO  [JTS-Login-10] - ### onNsMsg loginMessageReq=1754026150850; brandNewUser=false
2025-08-01 01:29:10.949 [LE] INFO  [JTS-Login-10] - SPLASH Authenticating
2025-08-01 01:29:10.949 [LE] INFO  [JTS-CCPListenerS2-12] - Initial listener buffer size is 65536.
2025-08-01 01:29:10.949 [LE] INFO  [JTS-CCPListenerS2-12] - Listener thread [sessionID=2] is ready to process messages.
2025-08-01 01:29:10.951 [LE] INFO  [JTS-Login-10] - Terminating launcher login thread
2025-08-01 01:29:10.980 [LE] INFO  [JTS-AuthDispatcherS2-13] - set nsMsgVersion: context=AuthStart; version=50
2025-08-01 01:29:10.980 [LE] INFO  [JTS-AuthDispatcherS2-13] - Received NS_AUTH_START: 1
2025-08-01 01:29:10.982 [LE] INFO  [JTS-AuthDispatcherS2-13] - pwd time to expiry ms: 2348350248000 days: 27180
2025-08-01 01:29:10.982 [LE] INFO  [JTS-AuthDispatcherS2-13] - Long pwd allowed: true
2025-08-01 01:29:10.982 [LE] INFO  [JTS-AuthDispatcherS2-13] -  NS_AUTH_START version=50 pwd=1 soft=0 token(s)=[token=0] initialTokenType=PWD authenticationType=MARKET_DATA_CONNECTION identityHashcode=1234145977
2025-08-01 01:29:10.982 [LE] INFO  [JTS-AuthDispatcherS2-13] - ### onStartAuthentication
2025-08-01 01:29:10.982 [LE] INFO  [JTS-AuthDispatcherS2-13] - Starting password Authentication
2025-08-01 01:29:10.983 [LE] INFO  [JTS-AuthDispatcherS2-13] - ### onXyzAuthQuery
2025-08-01 01:29:10.983 [LE] INFO  [JTS-AuthDispatcherS2-13] - sendXYZMessage: 777
2025-08-01 01:29:10.983 [LE] INFO  [JTS-AuthDispatcherS2-13] - UserCredentials.setFrom() [this=1558824886,other=1033322388,old=null,new=688c50a6.032b].
2025-08-01 01:29:10.983 [LE] INFO  [AWT-EventQueue-0] - SplashScreen: using ads manager
2025-08-01 01:29:10.985 [LE] INFO  [AWT-EventQueue-0] - AdImageContainer: start build ads UI
2025-08-01 01:29:10.987 [LE] INFO  [JTS-CachedThreadExecutor-19] - AdManager: NEXT_AD request https://api.ibkr.com/tws.proxy/info/next?platform=dTWS&size=1200x1000&lang=en&version=null&build=latest
2025-08-01 01:29:10.987 [LE] INFO  [JTS-CachedThreadExecutor-19] - AdManager: sending request with header X-USERNAME
2025-08-01 01:29:11.016 [LE] INFO  [JTS-AuthDispatcherS2-13] - Receiver: 777
2025-08-01 01:29:11.017 [LE] ERROR [JTS-AuthDispatcherS2-13] - ERROR: Received twslaunch.jauthentication.N with userName NOT PRINTED in it - this is not expected
2025-08-01 01:29:11.017 [LE] INFO  [JTS-AuthDispatcherS2-13] - processXYZMessage: 777, protocol version: 50
2025-08-01 01:29:11.017 [LE] INFO  [JTS-AuthDispatcherS2-13] - Received AUTH_PARAMS
2025-08-01 01:29:11.017 [LE] INFO  [JTS-AuthDispatcherS2-13] - ### onXyzAuthParams
2025-08-01 01:29:11.017 [LE] INFO  [JTS-AuthDispatcherS2-13] - sendXYZMessage: 777
2025-08-01 01:29:11.045 [LE] INFO  [JTS-AuthDispatcherS2-13] - Receiver: 777
2025-08-01 01:29:11.045 [LE] ERROR [JTS-AuthDispatcherS2-13] - ERROR: Received twslaunch.jauthentication.N with userName NOT PRINTED in it - this is not expected
2025-08-01 01:29:11.045 [LE] INFO  [JTS-AuthDispatcherS2-13] - processXYZMessage: 777, protocol version: 50
2025-08-01 01:29:11.045 [LE] INFO  [JTS-AuthDispatcherS2-13] - Received SERVER_PARAMS
2025-08-01 01:29:11.047 [LE] INFO  [JTS-AuthDispatcherS2-13] - Session Token received in AuthenticationMessageXYZ=7a4e0XXXXX.., messageId=SERVER_KEY (4)
2025-08-01 01:29:11.047 [LE] INFO  [JTS-AuthDispatcherS2-13] - sendXYZMessage: 777
2025-08-01 01:29:11.075 [LE] INFO  [JTS-AuthDispatcherS2-13] - SPLASH 0227 step 2 AuthDispatcher.processDataItr
2025-08-01 01:29:11.075 [LE] INFO  [JTS-AuthDispatcherS2-13] - Receiver: 777
2025-08-01 01:29:11.075 [LE] ERROR [JTS-AuthDispatcherS2-13] - ERROR: Received twslaunch.jauthentication.N with userName NOT PRINTED in it - this is not expected
2025-08-01 01:29:11.075 [LE] INFO  [JTS-AuthDispatcherS2-13] - processXYZMessage: 777, protocol version: 50
2025-08-01 01:29:11.075 [LE] INFO  [JTS-AuthDispatcherS2-13] - Received AUTH_RESULT
2025-08-01 01:29:11.075 [LE] INFO  [JTS-AuthDispatcherS2-13] - ### onXyzAuthServerProof
2025-08-01 01:29:11.075 [LE] INFO  [JTS-AuthDispatcherS2-13] - AUTH_RESULT indicates wrong password
2025-08-01 01:29:11.076 [LE] INFO  [JTS-CCPListenerS2-12] - Socket for connection cdc1.ibllc.com:4001 (SSL) was closed by peer.
2025-08-01 01:29:11.076 [LE] INFO  [JTS-AuthDispatcherS2-13] - Starting GstatMessageMgr...
2025-08-01 01:29:11.077 [LE] INFO  [JTS-GstatMessageMgr-20] - Sending a request to GSTAT [url=https://api.ibkr.com/v1/gstat//bulletins,data='{"p":"10391d","t":"Maintenance","tz":"America/New_York","peer":"cdc1.ibllc.com","format":"webapp","theme":"dark","fontSize":"12px","lang":"en","user":"***","ut":"live"}']...
2025-08-01 01:29:11.077 [LE] INFO  [JTS-AuthDispatcherS2-13] - Reconnection time cleared: argClearBackoff=true base=0 range=5000 next=0 disconnected=0
2025-08-01 01:29:11.077 [LE] INFO  [JTS-AuthDispatcherS2-13] - Disconnecting cdc1.ibllc.com:4001 (SSL) [disconnectDetails=DisconnectDetails[sessionID=2,endPoint=cdc1.ibllc.com:4001 (SSL),reason=DISCONNECT_AUTHORIZATION_FAILED,cause=null,systemMessage=Invalid username or password. 

Please check the "Caps Lock" key; passwords are case sensitive. 

If you are in the process of opening an individual account, please contact 
customer service to reset the password. 

If you are in the process of opening any other type of account, please note 
that the login is possible beginning the day after account approval.

Example user name: trader777,keepSocketOpen=false]]...
2025-08-01 01:29:11.077 [LE] INFO  [JTS-AuthDispatcherS2-13] - Socket closed.
2025-08-01 01:29:11.077 [LE] INFO  [JTS-AuthDispatcherS2-13] - AuthTimeoutMonitor-CCP: deactivate
2025-08-01 01:29:11.077 [LE] INFO  [JTS-AuthTimeoutMonitorThread-CCP-14] - Terminating auth timeout monitor thread for CCP
2025-08-01 01:29:11.077 [LE] INFO  [JTS-AuthDispatcherS2-13] - SocketTracker[name=name=CCP(cdc1.ibllc.com:4001 (SSL)),usesCcpConMan=false,lastReadTimestamp=1754026151076,lastReadDateTime=2025-08-01T01:29:11.076,lastFixSendTime=].
2025-08-01 01:29:11.077 [LE] INFO  [JTS-AuthDispatcherS2-13] - Interrupting dispatcher [sessionID=2]...
2025-08-01 01:29:11.077 [LE] INFO  [JTS-AuthDispatcherS2-13] - Interrupting listener [sessionID=2,disconnectSocket=true]...
2025-08-01 01:29:11.079 [LE] INFO  [JTS-AuthDispatcherS2-13] - CONN CALC: Last connection attempt time is cleared!
2025-08-01 01:29:11.079 [LE] INFO  [JTS-AuthDispatcherS2-13] - Authentication completed.
2025-08-01 01:29:11.079 [LE] INFO  [JTS-AuthDispatcherS2-13] - ### onAuthenticationCompleted tokenProtocol=0; authenticated=false
2025-08-01 01:29:11.079 [LE] INFO  [JTS-AuthDispatcherS2-13] - ### onFinish
2025-08-01 01:29:11.079 [LE] INFO  [JTS-AuthDispatcherS2-13] - setting session token in AuthenticationHandler: authenticationType=MARKET_DATA_CONNECTION hashCode=1234145977 new=null old=null ctciOld=null
2025-08-01 01:29:11.079 [LE] INFO  [JTS-AuthDispatcherS2-13] - ccp session token non-CTCI is set as Empty 
2025-08-01 01:29:11.079 [LE] INFO  [JTS-AuthDispatcherS2-13] - Dispatcher thread terminating [sessionID=2,interrupted=true]...
2025-08-01 01:29:11.079 [LE] INFO  [JTS-CCPListenerS2-12] - Listener thread terminating [sessionID=2] [seen=618,totalShifted=618,moreAvailable=0]
2025-08-01 01:29:11.109 [LE] INFO  [JTS-CachedThreadExecutor-19] - AdManager: NEXT_AD ad is not available
2025-08-01 01:29:11.109 [LE] ERROR [JTS-CachedThreadExecutor-19] - AdsManager: get next image failed with status 404
2025-08-01 01:29:11.117 [LE] INFO  [AWT-EventQueue-0] - AdImageContainer: display regular background image without ads
2025-08-01 01:29:11.118 [LE] INFO  [AWT-EventQueue-0] - Splashscreen: should not show ads
2025-08-01 01:29:11.183 [LE] INFO  [JTS-GstatMessageMgr-20] - Received response [errorCode=204,contentLen=-1].
2025-08-01 01:29:11.188 [LE] INFO  [JavaFX Application Thread] - GstatMessagePanel: bridge already created
2025-08-01 01:29:11.190 [LE] INFO  [JavaFX Application Thread] - GstatMessagePanel: setup web app is done
2025-08-01 01:29:29.020 [LE] INFO  [AWT-EventQueue-0] - Stopping GstatMessageMgr...
2025-08-01 01:29:29.021 [LE] INFO  [AWT-EventQueue-0] - LoginWindow.onLogin() - request MiscUrls
2025-08-01 01:29:29.021 [LE] INFO  [AWT-EventQueue-0] - Setting dir is C:\Users\mrbat\Desktop\495\tws\
2025-08-01 01:29:29.021 [LE] INFO  [AWT-EventQueue-0] - PROXY Cleared HTTP proxy: no valid proxy is present (passing on :0)
2025-08-01 01:29:29.024 [LE] INFO  [AWT-EventQueue-0] - host = cdc1.ibllc.com
2025-08-01 01:29:29.024 [LE] INFO  [AWT-EventQueue-0] - remotePort = 4001
2025-08-01 01:29:29.024 [LE] INFO  [AWT-EventQueue-0] - localPort = 0
2025-08-01 01:29:29.029 [LE] INFO  [AWT-EventQueue-0] - UserCredentials.sessionId() [this=1058148131,old=null,new=688c50a6.032b].
2025-08-01 01:29:29.029 [LE] INFO  [AWT-EventQueue-0] - CONN CALC: Last connection attempt time is cleared!
2025-08-01 01:29:29.029 [LE] INFO  [AWT-EventQueue-0] - CONN CALC: Last connection set as now:01:29:29:029
2025-08-01 01:29:29.029 [LE] INFO  [AWT-EventQueue-0] - Prelogin delay:0
2025-08-01 01:29:29.029 [LE] INFO  [AWT-EventQueue-0] - Network monitor is activated
2025-08-01 01:29:29.029 [LE] INFO  [JTS-Login-23] - Starting launcher login thread
2025-08-01 01:29:29.029 [LE] INFO  [JTS-Login-23] - LauncherLoginThread.runLoginWithUI()[hotBackupStrategy=ON,loginAttempt=1,socketDelay=20000].
2025-08-01 01:29:29.029 [LE] INFO  [JTS-Login-23] - SPLASH Connecting to server
2025-08-01 01:29:29.029 [LE] INFO  [JTS-Login-23] - ### startLogin startTime=1754026169029
2025-08-01 01:29:29.029 [LE] INFO  [JTS-Login-23] - ### loginAttempt loginAttempt=1
2025-08-01 01:29:29.029 [LE] INFO  [JTS-Login-23] - AsyncDisconnectNotifiers: 1
2025-08-01 01:29:29.030 [LE] INFO  [JTS-Login-23] - Connecting cdc1.ibllc.com:4001 (SSL) timeout=20000...
2025-08-01 01:29:29.030 [LE] INFO  [JTS-Login-23] - ### onSocketOpenStart socketOpenStart=1754026169030; endPoint=cdc1.ibllc.com; port=4001
2025-08-01 01:29:29.066 [LE] INFO  [JTS-Login-23] - ### onSocketOpenEnd socketOpenEnd=1754026169066
2025-08-01 01:29:29.066 [LE] INFO  [JTS-Login-23] - Connected to cdc1.ibllc.com:4001 (SSL)/8.17.22.31 remote-ip on local port 0 socket local addrs:port /192.168.1.166:57692
2025-08-01 01:29:29.066 [LE] INFO  [JTS-Login-23] - Updating machine info [connectionAddress=/192.168.1.166]...
2025-08-01 01:29:29.066 [LE] INFO  [JTS-Login-23] - JTSAuthConnection.onConnected(): lastKnownCipherStatus=INSECURE
2025-08-01 01:29:29.066 [LE] INFO  [JTS-Login-23] - Changing state for connection from PRELOGON to PRELOGON in B 410830320: SessionSocket:3
2025-08-01 01:29:29.066 [LE] INFO  [JTS-Login-23] - Authenticating
2025-08-01 01:29:29.066 [LE] INFO  [JTS-Login-23] - AuthTimeoutMonitor-CCP: deactivate
2025-08-01 01:29:29.066 [LE] INFO  [JTS-Login-23] - AuthTimeoutMonitor-CCP: timeout=20000
2025-08-01 01:29:29.066 [LE] INFO  [JTS-Login-23] - AuthTimeoutMonitor-CCP: activate
2025-08-01 01:29:29.066 [LE] INFO  [JTS-Login-23] - SPLASH -0001 step 1 AuthDispatcher.connect
2025-08-01 01:29:29.066 [LE] INFO  [JTS-Login-23] - Sending connect request
2025-08-01 01:29:29.066 [LE] INFO  [JTS-CCPListenerS3-25] - Starting listener thread [sessionID=3]...
2025-08-01 01:29:29.066 [LE] INFO  [JTS-AuthTimeoutMonitorThread-CCP-27] - Starting auth timeout monitor thread for CCP
2025-08-01 01:29:29.066 [LE] INFO  [JTS-Login-23] - AuthDispatcher.initNSMsgVersionLimits: minVersion=38, maxVersion=50
2025-08-01 01:29:29.066 [LE] INFO  [JTS-AuthDispatcherS3-26] - Starting dispatcher thread [sessionID=3]...
2025-08-01 01:29:29.067 [LE] INFO  [JTS-Login-23] - AuthDispatcher.NSConnectRequest: userSessionID=688c50a6.032b, beeDemoType=NULL
2025-08-01 01:29:29.067 [LE] INFO  [JTS-Login-23] - ### onNsMsg loginMessageReq=1754026169067; brandNewUser=false
2025-08-01 01:29:29.158 [LE] INFO  [JTS-CCPListenerS3-25] - Initial listener buffer size is 65536.
2025-08-01 01:29:29.158 [LE] INFO  [JTS-Login-23] - SPLASH Authenticating
2025-08-01 01:29:29.158 [LE] INFO  [JTS-CCPListenerS3-25] - Listener thread [sessionID=3] is ready to process messages.
2025-08-01 01:29:29.158 [LE] INFO  [JTS-Login-23] - Terminating launcher login thread
2025-08-01 01:29:29.191 [LE] INFO  [JTS-AuthDispatcherS3-26] - set nsMsgVersion: context=AuthStart; version=50
2025-08-01 01:29:29.191 [LE] INFO  [JTS-AuthDispatcherS3-26] - Received NS_AUTH_START: 1
2025-08-01 01:29:29.191 [LE] INFO  [JTS-AuthDispatcherS3-26] - pwd time to expiry ms: 2348350230000 days: 27180
2025-08-01 01:29:29.191 [LE] INFO  [JTS-AuthDispatcherS3-26] - Long pwd allowed: true
2025-08-01 01:29:29.191 [LE] INFO  [JTS-AuthDispatcherS3-26] -  NS_AUTH_START version=50 pwd=1 soft=0 token(s)=[token=0] initialTokenType=PWD authenticationType=MARKET_DATA_CONNECTION identityHashcode=125091083
2025-08-01 01:29:29.191 [LE] INFO  [JTS-AuthDispatcherS3-26] - ### onStartAuthentication
2025-08-01 01:29:29.191 [LE] INFO  [JTS-AuthDispatcherS3-26] - Starting password Authentication
2025-08-01 01:29:29.191 [LE] INFO  [JTS-AuthDispatcherS3-26] - ### onXyzAuthQuery
2025-08-01 01:29:29.191 [LE] INFO  [JTS-AuthDispatcherS3-26] - sendXYZMessage: 777
2025-08-01 01:29:29.191 [LE] INFO  [JTS-AuthDispatcherS3-26] - UserCredentials.setFrom() [this=1558824886,other=1058148131,old=688c50a6.032b,new=688c50a6.032b].
2025-08-01 01:29:29.222 [LE] INFO  [JTS-AuthDispatcherS3-26] - Receiver: 777
2025-08-01 01:29:29.222 [LE] ERROR [JTS-AuthDispatcherS3-26] - ERROR: Received twslaunch.jauthentication.N with userName NOT PRINTED in it - this is not expected
2025-08-01 01:29:29.222 [LE] INFO  [JTS-AuthDispatcherS3-26] - processXYZMessage: 777, protocol version: 50
2025-08-01 01:29:29.222 [LE] INFO  [JTS-AuthDispatcherS3-26] - Received AUTH_PARAMS
2025-08-01 01:29:29.222 [LE] INFO  [JTS-AuthDispatcherS3-26] - ### onXyzAuthParams
2025-08-01 01:29:29.222 [LE] INFO  [JTS-AuthDispatcherS3-26] - sendXYZMessage: 777
2025-08-01 01:29:29.255 [LE] INFO  [JTS-AuthDispatcherS3-26] - Receiver: 777
2025-08-01 01:29:29.255 [LE] ERROR [JTS-AuthDispatcherS3-26] - ERROR: Received twslaunch.jauthentication.N with userName NOT PRINTED in it - this is not expected
2025-08-01 01:29:29.255 [LE] INFO  [JTS-AuthDispatcherS3-26] - processXYZMessage: 777, protocol version: 50
2025-08-01 01:29:29.255 [LE] INFO  [JTS-AuthDispatcherS3-26] - Received SERVER_PARAMS
2025-08-01 01:29:29.255 [LE] INFO  [JTS-AuthDispatcherS3-26] - Session Token received in AuthenticationMessageXYZ=4ab55XXXXX.., messageId=SERVER_KEY (4)
2025-08-01 01:29:29.255 [LE] INFO  [JTS-AuthDispatcherS3-26] - sendXYZMessage: 777
2025-08-01 01:29:29.287 [LE] INFO  [JTS-AuthDispatcherS3-26] - SPLASH 0221 step 2 AuthDispatcher.processDataItr
2025-08-01 01:29:29.287 [LE] INFO  [JTS-AuthDispatcherS3-26] - Receiver: 777
2025-08-01 01:29:29.287 [LE] ERROR [JTS-AuthDispatcherS3-26] - ERROR: Received twslaunch.jauthentication.N with userName NOT PRINTED in it - this is not expected
2025-08-01 01:29:29.287 [LE] INFO  [JTS-AuthDispatcherS3-26] - processXYZMessage: 777, protocol version: 50
2025-08-01 01:29:29.287 [LE] INFO  [JTS-AuthDispatcherS3-26] - Received AUTH_RESULT
2025-08-01 01:29:29.287 [LE] INFO  [JTS-AuthDispatcherS3-26] - ### onXyzAuthServerProof
2025-08-01 01:29:29.287 [LE] INFO  [JTS-AuthDispatcherS3-26] - AUTH_RESULT indicates wrong password
2025-08-01 01:29:29.287 [LE] INFO  [JTS-AuthDispatcherS3-26] - Starting GstatMessageMgr...
2025-08-01 01:29:29.288 [LE] INFO  [JTS-AuthDispatcherS3-26] - Reconnection time cleared: argClearBackoff=true base=0 range=5000 next=0 disconnected=0
2025-08-01 01:29:29.288 [LE] INFO  [JTS-AuthDispatcherS3-26] - Disconnecting cdc1.ibllc.com:4001 (SSL) [disconnectDetails=DisconnectDetails[sessionID=3,endPoint=cdc1.ibllc.com:4001 (SSL),reason=DISCONNECT_AUTHORIZATION_FAILED,cause=null,systemMessage=Invalid username or password. 

Please check the "Caps Lock" key; passwords are case sensitive. 

If you are in the process of opening an individual account, please contact 
customer service to reset the password. 

If you are in the process of opening any other type of account, please note 
that the login is possible beginning the day after account approval.

Example user name: trader777,keepSocketOpen=false]]...
2025-08-01 01:29:29.288 [LE] INFO  [JTS-GstatMessageMgr-32] - Sending a request to GSTAT [url=https://api.ibkr.com/v1/gstat//bulletins,data='{"p":"10391d","t":"Maintenance","tz":"America/New_York","peer":"cdc1.ibllc.com","format":"webapp","theme":"dark","fontSize":"12px","lang":"en","user":"***","ut":"live"}']...
2025-08-01 01:29:29.288 [LE] INFO  [JTS-AuthDispatcherS3-26] - Socket closed.
2025-08-01 01:29:29.288 [LE] INFO  [JTS-CCPListenerS3-25] - Socket or stream for connection cdc1.ibllc.com:4001 (SSL) was closed by another thread.
2025-08-01 01:29:29.288 [LE] INFO  [JTS-AuthDispatcherS3-26] - AuthTimeoutMonitor-CCP: deactivate
2025-08-01 01:29:29.288 [LE] INFO  [JTS-AuthTimeoutMonitorThread-CCP-27] - Terminating auth timeout monitor thread for CCP
2025-08-01 01:29:29.288 [LE] INFO  [JTS-AuthDispatcherS3-26] - SocketTracker[name=name=CCP(cdc1.ibllc.com:4001 (SSL)),usesCcpConMan=false,lastReadTimestamp=1754026169287,lastReadDateTime=2025-08-01T01:29:29.287,lastFixSendTime=].
2025-08-01 01:29:29.288 [LE] INFO  [JTS-AuthDispatcherS3-26] - Interrupting dispatcher [sessionID=3]...
2025-08-01 01:29:29.288 [LE] INFO  [JTS-AuthDispatcherS3-26] - Interrupting listener [sessionID=3,disconnectSocket=true]...
2025-08-01 01:29:29.288 [LE] INFO  [JTS-AuthDispatcherS3-26] - CONN CALC: Last connection attempt time is cleared!
2025-08-01 01:29:29.289 [LE] INFO  [JTS-AuthDispatcherS3-26] - Authentication completed.
2025-08-01 01:29:29.289 [LE] INFO  [JTS-CCPListenerS3-25] - Listener thread terminating [sessionID=3] [seen=618,totalShifted=618,moreAvailable=0]
2025-08-01 01:29:29.289 [LE] INFO  [JTS-AuthDispatcherS3-26] - ### onAuthenticationCompleted tokenProtocol=0; authenticated=false
2025-08-01 01:29:29.289 [LE] INFO  [JTS-AuthDispatcherS3-26] - ### onFinish
2025-08-01 01:29:29.289 [LE] INFO  [JTS-AuthDispatcherS3-26] - setting session token in AuthenticationHandler: authenticationType=MARKET_DATA_CONNECTION hashCode=125091083 new=null old=null ctciOld=null
2025-08-01 01:29:29.289 [LE] INFO  [JTS-AuthDispatcherS3-26] - ccp session token non-CTCI is set as Empty 
2025-08-01 01:29:29.289 [LE] INFO  [JTS-AuthDispatcherS3-26] - Dispatcher thread terminating [sessionID=3,interrupted=true]...
2025-08-01 01:29:29.403 [LE] INFO  [JTS-GstatMessageMgr-32] - Received response [errorCode=204,contentLen=-1].
2025-08-01 01:29:29.407 [LE] INFO  [JavaFX Application Thread] - GstatMessagePanel: bridge already created
2025-08-01 01:29:29.408 [LE] INFO  [JavaFX Application Thread] - GstatMessagePanel: setup web app is done
2025-08-01 01:32:29.403 [LE] INFO  [JTS-GstatMessageMgr-32] - Sending a request to GSTAT [url=https://api.ibkr.com/v1/gstat//bulletins,data='{"p":"10391d","t":"Maintenance","tz":"America/New_York","peer":"cdc1.ibllc.com","format":"webapp","theme":"dark","fontSize":"12px","lang":"en","user":"***","ut":"live"}']...
2025-08-01 01:32:29.533 [LE] INFO  [JTS-GstatMessageMgr-32] - Received response [errorCode=204,contentLen=-1].
2025-08-01 01:32:29.538 [LE] INFO  [JavaFX Application Thread] - GstatMessagePanel: bridge already created
2025-08-01 01:32:29.538 [LE] INFO  [JavaFX Application Thread] - GstatMessagePanel: setup web app is done
2025-08-01 01:32:38.947 [LE] INFO  [AWT-EventQueue-0] - Stopping GstatMessageMgr...
2025-08-01 01:32:38.948 [LE] INFO  [AWT-EventQueue-0] - LoginWindow.onLogin() - request MiscUrls
2025-08-01 01:32:38.949 [LE] INFO  [AWT-EventQueue-0] - Setting dir is C:\Users\mrbat\Desktop\495\tws\
2025-08-01 01:32:38.949 [LE] INFO  [AWT-EventQueue-0] - PROXY Cleared HTTP proxy: no valid proxy is present (passing on :0)
2025-08-01 01:32:38.952 [LE] INFO  [AWT-EventQueue-0] - host = cdc1.ibllc.com
2025-08-01 01:32:38.952 [LE] INFO  [AWT-EventQueue-0] - remotePort = 4001
2025-08-01 01:32:38.952 [LE] INFO  [AWT-EventQueue-0] - localPort = 0
2025-08-01 01:32:38.957 [LE] INFO  [AWT-EventQueue-0] - UserCredentials.sessionId() [this=282311701,old=null,new=688c50a6.032b].
2025-08-01 01:32:38.957 [LE] INFO  [AWT-EventQueue-0] - CONN CALC: Last connection attempt time is cleared!
2025-08-01 01:32:38.957 [LE] INFO  [AWT-EventQueue-0] - CONN CALC: Last connection set as now:01:32:38:957
2025-08-01 01:32:38.957 [LE] INFO  [AWT-EventQueue-0] - Prelogin delay:0
2025-08-01 01:32:38.958 [LE] INFO  [AWT-EventQueue-0] - Network monitor is activated
2025-08-01 01:32:38.958 [LE] INFO  [JTS-Login-34] - Starting launcher login thread
2025-08-01 01:32:38.958 [LE] INFO  [JTS-Login-34] - LauncherLoginThread.runLoginWithUI()[hotBackupStrategy=ON,loginAttempt=1,socketDelay=20000].
2025-08-01 01:32:38.958 [LE] INFO  [JTS-Login-34] - SPLASH Connecting to server
2025-08-01 01:32:38.958 [LE] INFO  [JTS-Login-34] - ### startLogin startTime=1754026358957
2025-08-01 01:32:38.958 [LE] INFO  [JTS-Login-34] - ### loginAttempt loginAttempt=1
2025-08-01 01:32:38.958 [LE] INFO  [JTS-Login-34] - AsyncDisconnectNotifiers: 1
2025-08-01 01:32:38.958 [LE] INFO  [JTS-Login-34] - Connecting cdc1.ibllc.com:4001 (SSL) timeout=20000...
2025-08-01 01:32:38.958 [LE] INFO  [JTS-Login-34] - ### onSocketOpenStart socketOpenStart=1754026358958; endPoint=cdc1.ibllc.com; port=4001
2025-08-01 01:32:38.993 [LE] INFO  [JTS-Login-34] - ### onSocketOpenEnd socketOpenEnd=1754026358993
2025-08-01 01:32:38.993 [LE] INFO  [JTS-Login-34] - Connected to cdc1.ibllc.com:4001 (SSL)/8.17.22.31 remote-ip on local port 0 socket local addrs:port /192.168.1.166:57817
2025-08-01 01:32:38.993 [LE] INFO  [JTS-Login-34] - Updating machine info [connectionAddress=/192.168.1.166]...
2025-08-01 01:32:38.993 [LE] INFO  [JTS-Login-34] - JTSAuthConnection.onConnected(): lastKnownCipherStatus=INSECURE
2025-08-01 01:32:38.993 [LE] INFO  [JTS-Login-34] - Changing state for connection from PRELOGON to PRELOGON in B 410830320: SessionSocket:4
2025-08-01 01:32:38.993 [LE] INFO  [JTS-Login-34] - Authenticating
2025-08-01 01:32:38.993 [LE] INFO  [JTS-Login-34] - AuthTimeoutMonitor-CCP: deactivate
2025-08-01 01:32:38.993 [LE] INFO  [JTS-Login-34] - AuthTimeoutMonitor-CCP: timeout=20000
2025-08-01 01:32:38.993 [LE] INFO  [JTS-Login-34] - AuthTimeoutMonitor-CCP: activate
2025-08-01 01:32:38.993 [LE] INFO  [JTS-Login-34] - SPLASH -0001 step 1 AuthDispatcher.connect
2025-08-01 01:32:38.993 [LE] INFO  [JTS-AuthTimeoutMonitorThread-CCP-38] - Starting auth timeout monitor thread for CCP
2025-08-01 01:32:38.993 [LE] INFO  [JTS-CCPListenerS4-36] - Starting listener thread [sessionID=4]...
2025-08-01 01:32:38.993 [LE] INFO  [JTS-Login-34] - Sending connect request
2025-08-01 01:32:38.993 [LE] INFO  [JTS-Login-34] - AuthDispatcher.initNSMsgVersionLimits: minVersion=38, maxVersion=50
2025-08-01 01:32:38.993 [LE] INFO  [JTS-AuthDispatcherS4-37] - Starting dispatcher thread [sessionID=4]...
2025-08-01 01:32:38.993 [LE] INFO  [JTS-Login-34] - AuthDispatcher.NSConnectRequest: userSessionID=688c50a6.032b, beeDemoType=NULL
2025-08-01 01:32:38.993 [LE] INFO  [JTS-Login-34] - ### onNsMsg loginMessageReq=1754026358993; brandNewUser=false
2025-08-01 01:32:39.076 [LE] INFO  [JTS-Login-34] - SPLASH Authenticating
2025-08-01 01:32:39.076 [LE] INFO  [JTS-CCPListenerS4-36] - Initial listener buffer size is 65536.
2025-08-01 01:32:39.076 [LE] INFO  [JTS-CCPListenerS4-36] - Listener thread [sessionID=4] is ready to process messages.
2025-08-01 01:32:39.076 [LE] INFO  [JTS-Login-34] - Terminating launcher login thread
2025-08-01 01:32:39.105 [LE] INFO  [JTS-AuthDispatcherS4-37] - set nsMsgVersion: context=AuthStart; version=50
2025-08-01 01:32:39.105 [LE] INFO  [JTS-AuthDispatcherS4-37] - Received NS_AUTH_START: 1
2025-08-01 01:32:39.105 [LE] INFO  [JTS-AuthDispatcherS4-37] - pwd time to expiry ms: 2348350040000 days: 27180
2025-08-01 01:32:39.105 [LE] INFO  [JTS-AuthDispatcherS4-37] - Long pwd allowed: true
2025-08-01 01:32:39.105 [LE] INFO  [JTS-AuthDispatcherS4-37] -  NS_AUTH_START version=50 pwd=1 soft=0 token(s)=[token=0] initialTokenType=PWD authenticationType=MARKET_DATA_CONNECTION identityHashcode=1618502534
2025-08-01 01:32:39.105 [LE] INFO  [JTS-AuthDispatcherS4-37] - ### onStartAuthentication
2025-08-01 01:32:39.105 [LE] INFO  [JTS-AuthDispatcherS4-37] - Starting password Authentication
2025-08-01 01:32:39.106 [LE] INFO  [JTS-AuthDispatcherS4-37] - ### onXyzAuthQuery
2025-08-01 01:32:39.106 [LE] INFO  [JTS-AuthDispatcherS4-37] - sendXYZMessage: 777
2025-08-01 01:32:39.106 [LE] INFO  [JTS-AuthDispatcherS4-37] - UserCredentials.setFrom() [this=1558824886,other=282311701,old=688c50a6.032b,new=688c50a6.032b].
2025-08-01 01:32:39.134 [LE] INFO  [JTS-AuthDispatcherS4-37] - Receiver: 777
2025-08-01 01:32:39.134 [LE] ERROR [JTS-AuthDispatcherS4-37] - ERROR: Received twslaunch.jauthentication.N with userName NOT PRINTED in it - this is not expected
2025-08-01 01:32:39.134 [LE] INFO  [JTS-AuthDispatcherS4-37] - processXYZMessage: 777, protocol version: 50
2025-08-01 01:32:39.134 [LE] INFO  [JTS-AuthDispatcherS4-37] - Received AUTH_PARAMS
2025-08-01 01:32:39.134 [LE] INFO  [JTS-AuthDispatcherS4-37] - ### onXyzAuthParams
2025-08-01 01:32:39.134 [LE] INFO  [JTS-AuthDispatcherS4-37] - sendXYZMessage: 777
2025-08-01 01:32:39.162 [LE] INFO  [JTS-AuthDispatcherS4-37] - Receiver: 777
2025-08-01 01:32:39.162 [LE] ERROR [JTS-AuthDispatcherS4-37] - ERROR: Received twslaunch.jauthentication.N with userName NOT PRINTED in it - this is not expected
2025-08-01 01:32:39.162 [LE] INFO  [JTS-AuthDispatcherS4-37] - processXYZMessage: 777, protocol version: 50
2025-08-01 01:32:39.162 [LE] INFO  [JTS-AuthDispatcherS4-37] - Received SERVER_PARAMS
2025-08-01 01:32:39.163 [LE] INFO  [JTS-AuthDispatcherS4-37] - Session Token received in AuthenticationMessageXYZ=15fbdXXXXX.., messageId=SERVER_KEY (4)
2025-08-01 01:32:39.163 [LE] INFO  [JTS-AuthDispatcherS4-37] - sendXYZMessage: 777
2025-08-01 01:32:39.189 [LE] INFO  [JTS-AuthDispatcherS4-37] - Receiver: 777
2025-08-01 01:32:39.189 [LE] ERROR [JTS-AuthDispatcherS4-37] - ERROR: Received twslaunch.jauthentication.N with userName NOT PRINTED in it - this is not expected
2025-08-01 01:32:39.189 [LE] INFO  [JTS-AuthDispatcherS4-37] - processXYZMessage: 777, protocol version: 50
2025-08-01 01:32:39.189 [LE] INFO  [JTS-AuthDispatcherS4-37] - Received AUTH_RESULT
2025-08-01 01:32:39.189 [LE] INFO  [JTS-AuthDispatcherS4-37] - ### onXyzAuthServerProof
2025-08-01 01:32:39.189 [LE] INFO  [JTS-AuthDispatcherS4-37] - AUTH_RESULT indicates wrong password
2025-08-01 01:32:39.191 [LE] INFO  [JTS-AuthDispatcherS4-37] - Starting GstatMessageMgr...
2025-08-01 01:32:39.191 [LE] INFO  [JTS-AuthDispatcherS4-37] - Reconnection time cleared: argClearBackoff=true base=0 range=5000 next=0 disconnected=0
2025-08-01 01:32:39.191 [LE] INFO  [JTS-CCPListenerS4-36] - Socket for connection cdc1.ibllc.com:4001 (SSL) was closed by peer.
2025-08-01 01:32:39.191 [LE] INFO  [JTS-AuthDispatcherS4-37] - Disconnecting cdc1.ibllc.com:4001 (SSL) [disconnectDetails=DisconnectDetails[sessionID=4,endPoint=cdc1.ibllc.com:4001 (SSL),reason=DISCONNECT_AUTHORIZATION_FAILED,cause=null,systemMessage=Invalid username or password. 

Please check the "Caps Lock" key; passwords are case sensitive. 

If you are in the process of opening an individual account, please contact 
customer service to reset the password. 

If you are in the process of opening any other type of account, please note 
that the login is possible beginning the day after account approval.

Example user name: trader777,keepSocketOpen=false]]...
2025-08-01 01:32:39.191 [LE] INFO  [JTS-AuthDispatcherS4-37] - Socket closed.
2025-08-01 01:32:39.191 [LE] INFO  [JTS-AuthDispatcherS4-37] - AuthTimeoutMonitor-CCP: deactivate
2025-08-01 01:32:39.191 [LE] INFO  [JTS-GstatMessageMgr-43] - Sending a request to GSTAT [url=https://api.ibkr.com/v1/gstat//bulletins,data='{"p":"10391d","t":"Maintenance","tz":"America/New_York","peer":"cdc1.ibllc.com","format":"webapp","theme":"dark","fontSize":"12px","lang":"en","user":"***","ut":"live"}']...
2025-08-01 01:32:39.191 [LE] INFO  [JTS-AuthTimeoutMonitorThread-CCP-38] - Terminating auth timeout monitor thread for CCP
2025-08-01 01:32:39.191 [LE] INFO  [JTS-AuthDispatcherS4-37] - SocketTracker[name=name=CCP(cdc1.ibllc.com:4001 (SSL)),usesCcpConMan=false,lastReadTimestamp=1754026359191,lastReadDateTime=2025-08-01T01:32:39.191,lastFixSendTime=].
2025-08-01 01:32:39.191 [LE] INFO  [JTS-AuthDispatcherS4-37] - Interrupting dispatcher [sessionID=4]...
2025-08-01 01:32:39.191 [LE] INFO  [JTS-AuthDispatcherS4-37] - Interrupting listener [sessionID=4,disconnectSocket=true]...
2025-08-01 01:32:39.191 [LE] INFO  [JTS-AuthDispatcherS4-37] - CONN CALC: Last connection attempt time is cleared!
2025-08-01 01:32:39.192 [LE] INFO  [JTS-AuthDispatcherS4-37] - Authentication completed.
2025-08-01 01:32:39.192 [LE] INFO  [JTS-AuthDispatcherS4-37] - ### onAuthenticationCompleted tokenProtocol=0; authenticated=false
2025-08-01 01:32:39.192 [LE] INFO  [JTS-AuthDispatcherS4-37] - ### onFinish
2025-08-01 01:32:39.192 [LE] INFO  [JTS-CCPListenerS4-36] - Listener thread terminating [sessionID=4] [seen=618,totalShifted=618,moreAvailable=0]
2025-08-01 01:32:39.192 [LE] INFO  [JTS-AuthDispatcherS4-37] - setting session token in AuthenticationHandler: authenticationType=MARKET_DATA_CONNECTION hashCode=1618502534 new=null old=null ctciOld=null
2025-08-01 01:32:39.192 [LE] INFO  [JTS-AuthDispatcherS4-37] - ccp session token non-CTCI is set as Empty 
2025-08-01 01:32:39.192 [LE] INFO  [JTS-AuthDispatcherS4-37] - Dispatcher thread terminating [sessionID=4,interrupted=true]...
2025-08-01 01:32:39.296 [LE] INFO  [JTS-GstatMessageMgr-43] - Received response [errorCode=204,contentLen=-1].
2025-08-01 01:32:39.301 [LE] INFO  [JavaFX Application Thread] - GstatMessagePanel: bridge already created
2025-08-01 01:32:39.301 [LE] INFO  [JavaFX Application Thread] - GstatMessagePanel: setup web app is done
2025-08-01 01:33:11.803 [LE] INFO  [AWT-EventQueue-0] - Stopping GstatMessageMgr...
2025-08-01 01:33:11.805 [LE] INFO  [AWT-EventQueue-0] - LoginWindow.onLogin() - request MiscUrls
2025-08-01 01:33:11.805 [LE] INFO  [AWT-EventQueue-0] - Setting dir is C:\Users\mrbat\Desktop\495\tws\
2025-08-01 01:33:11.806 [LE] INFO  [AWT-EventQueue-0] - PROXY Cleared HTTP proxy: no valid proxy is present (passing on :0)
2025-08-01 01:33:11.808 [LE] INFO  [AWT-EventQueue-0] - host = cdc1.ibllc.com
2025-08-01 01:33:11.808 [LE] INFO  [AWT-EventQueue-0] - remotePort = 4001
2025-08-01 01:33:11.808 [LE] INFO  [AWT-EventQueue-0] - localPort = 0
2025-08-01 01:33:11.811 [LE] INFO  [AWT-EventQueue-0] - SPLASH Creating screen with 11 steps
2025-08-01 01:33:11.821 [LE] INFO  [AWT-EventQueue-0] - UserCredentials.sessionId() [this=540847951,old=null,new=688c50a6.032b].
2025-08-01 01:33:11.821 [LE] INFO  [AWT-EventQueue-0] - CONN CALC: Last connection attempt time is cleared!
2025-08-01 01:33:11.821 [LE] INFO  [AWT-EventQueue-0] - CONN CALC: Last connection set as now:01:33:11:821
2025-08-01 01:33:11.821 [LE] INFO  [AWT-EventQueue-0] - Prelogin delay:0
2025-08-01 01:33:11.821 [LE] INFO  [AWT-EventQueue-0] - Network monitor is activated
2025-08-01 01:33:11.821 [LE] INFO  [JTS-Login-46] - Starting launcher login thread
2025-08-01 01:33:11.822 [LE] INFO  [JTS-Login-46] - LauncherLoginThread.runLoginWithUI()[hotBackupStrategy=ON,loginAttempt=1,socketDelay=20000].
2025-08-01 01:33:11.822 [LE] INFO  [JTS-Login-46] - SPLASH Connecting to server
2025-08-01 01:33:11.822 [LE] INFO  [JTS-Login-46] - ### startLogin startTime=1754026391821
2025-08-01 01:33:11.822 [LE] INFO  [JTS-Login-46] - ### loginAttempt loginAttempt=1
2025-08-01 01:33:11.822 [LE] INFO  [JTS-Login-46] - AsyncDisconnectNotifiers: 1
2025-08-01 01:33:11.822 [LE] INFO  [JTS-Login-46] - Connecting cdc1.ibllc.com:4001 (SSL) timeout=20000...
2025-08-01 01:33:11.822 [LE] INFO  [JTS-Login-46] - ### onSocketOpenStart socketOpenStart=1754026391822; endPoint=cdc1.ibllc.com; port=4001
2025-08-01 01:33:11.865 [LE] INFO  [JTS-Login-46] - ### onSocketOpenEnd socketOpenEnd=1754026391865
2025-08-01 01:33:11.865 [LE] INFO  [JTS-Login-46] - Connected to cdc1.ibllc.com:4001 (SSL)/8.17.22.31 remote-ip on local port 0 socket local addrs:port /192.168.1.166:57830
2025-08-01 01:33:11.865 [LE] INFO  [JTS-Login-46] - Updating machine info [connectionAddress=/192.168.1.166]...
2025-08-01 01:33:11.865 [LE] INFO  [JTS-Login-46] - JTSAuthConnection.onConnected(): lastKnownCipherStatus=INSECURE
2025-08-01 01:33:11.865 [LE] INFO  [JTS-Login-46] - Changing state for connection from PRELOGON to PRELOGON in B 410830320: SessionSocket:5
2025-08-01 01:33:11.865 [LE] INFO  [JTS-Login-46] - Authenticating
2025-08-01 01:33:11.865 [LE] INFO  [JTS-Login-46] - AuthTimeoutMonitor-CCP: deactivate
2025-08-01 01:33:11.865 [LE] INFO  [JTS-Login-46] - AuthTimeoutMonitor-CCP: timeout=20000
2025-08-01 01:33:11.865 [LE] INFO  [JTS-Login-46] - AuthTimeoutMonitor-CCP: activate
2025-08-01 01:33:11.865 [LE] INFO  [JTS-Login-46] - SPLASH -0001 step 1 AuthDispatcher.connect
2025-08-01 01:33:11.865 [LE] INFO  [JTS-Login-46] - Sending connect request
2025-08-01 01:33:11.865 [LE] INFO  [JTS-AuthTimeoutMonitorThread-CCP-50] - Starting auth timeout monitor thread for CCP
2025-08-01 01:33:11.865 [LE] INFO  [JTS-CCPListenerS5-48] - Starting listener thread [sessionID=5]...
2025-08-01 01:33:11.865 [LE] INFO  [JTS-Login-46] - AuthDispatcher.initNSMsgVersionLimits: minVersion=38, maxVersion=50
2025-08-01 01:33:11.865 [LE] INFO  [JTS-AuthDispatcherS5-49] - Starting dispatcher thread [sessionID=5]...
2025-08-01 01:33:11.866 [LE] INFO  [JTS-Login-46] - AuthDispatcher.NSConnectRequest: userSessionID=688c50a6.032b, beeDemoType=NULL
2025-08-01 01:33:11.866 [LE] INFO  [JTS-Login-46] - ### onNsMsg loginMessageReq=1754026391866; brandNewUser=true
2025-08-01 01:33:11.972 [LE] INFO  [JTS-Login-46] - SPLASH Authenticating
2025-08-01 01:33:11.972 [LE] INFO  [JTS-CCPListenerS5-48] - Initial listener buffer size is 65536.
2025-08-01 01:33:11.972 [LE] INFO  [JTS-CCPListenerS5-48] - Listener thread [sessionID=5] is ready to process messages.
2025-08-01 01:33:11.972 [LE] INFO  [JTS-Login-46] - Terminating launcher login thread
2025-08-01 01:33:12.005 [LE] INFO  [JTS-AuthDispatcherS5-49] - NSErrorResponse.INVALID_USERNAME_OR_BAD_IP
2025-08-01 01:33:12.005 [LE] INFO  [JTS-AuthDispatcherS5-49] - Starting GstatMessageMgr...
2025-08-01 01:33:12.006 [LE] INFO  [JTS-AuthDispatcherS5-49] - Reconnection time cleared: argClearBackoff=true base=0 range=5000 next=0 disconnected=0
2025-08-01 01:33:12.006 [LE] INFO  [JTS-AuthDispatcherS5-49] - Disconnecting cdc1.ibllc.com:4001 (SSL) [disconnectDetails=DisconnectDetails[sessionID=5,endPoint=cdc1.ibllc.com:4001 (SSL),reason=DISCONNECT_AUTHORIZATION_FAILED,cause=null,systemMessage=Invalid username or password. 

Please check the "Caps Lock" key; passwords are case sensitive. 

If you are in the process of opening an individual account, please contact 
customer service to reset the password. 

If you are in the process of opening any other type of account, please note 
that the login is possible beginning the day after account approval.

Example user name: trader777,keepSocketOpen=false]]...
2025-08-01 01:33:12.006 [LE] INFO  [JTS-GstatMessageMgr-54] - Sending a request to GSTAT [url=https://api.ibkr.com/v1/gstat//bulletins,data='{"p":"10391d","t":"Maintenance","tz":"America/New_York","peer":"cdc1.ibllc.com","format":"webapp","theme":"dark","fontSize":"12px","lang":"en","user":"***","ut":"live"}']...
2025-08-01 01:33:12.006 [LE] INFO  [JTS-AuthDispatcherS5-49] - Socket closed.
2025-08-01 01:33:12.006 [LE] INFO  [JTS-CCPListenerS5-48] - Socket or stream for connection cdc1.ibllc.com:4001 (SSL) was closed by another thread.
2025-08-01 01:33:12.006 [LE] INFO  [JTS-AuthDispatcherS5-49] - AuthTimeoutMonitor-CCP: deactivate
2025-08-01 01:33:12.006 [LE] INFO  [JTS-AuthTimeoutMonitorThread-CCP-50] - Terminating auth timeout monitor thread for CCP
2025-08-01 01:33:12.006 [LE] INFO  [JTS-AuthDispatcherS5-49] - SocketTracker[name=name=CCP(cdc1.ibllc.com:4001 (SSL)),usesCcpConMan=false,lastReadTimestamp=1754026392005,lastReadDateTime=2025-08-01T01:33:12.005,lastFixSendTime=].
2025-08-01 01:33:12.006 [LE] INFO  [JTS-AuthDispatcherS5-49] - Interrupting dispatcher [sessionID=5]...
2025-08-01 01:33:12.006 [LE] INFO  [JTS-AuthDispatcherS5-49] - Interrupting listener [sessionID=5,disconnectSocket=true]...
2025-08-01 01:33:12.006 [LE] INFO  [JTS-AuthDispatcherS5-49] - CONN CALC: Last connection attempt time is cleared!
2025-08-01 01:33:12.007 [LE] INFO  [JTS-CCPListenerS5-48] - Listener thread terminating [sessionID=5] [seen=49,totalShifted=49,moreAvailable=0]
2025-08-01 01:33:12.007 [LE] INFO  [JTS-AuthDispatcherS5-49] - Dispatcher thread terminating [sessionID=5,interrupted=true]...
2025-08-01 01:33:12.129 [LE] INFO  [JTS-GstatMessageMgr-54] - Received response [errorCode=204,contentLen=-1].
2025-08-01 01:33:12.133 [LE] INFO  [JavaFX Application Thread] - GstatMessagePanel: bridge already created
2025-08-01 01:33:12.133 [LE] INFO  [JavaFX Application Thread] - GstatMessagePanel: setup web app is done
2025-08-01 01:33:53.455 [LE] INFO  [AWT-EventQueue-0] - Stopping GstatMessageMgr...
2025-08-01 01:33:53.455 [LE] INFO  [AWT-EventQueue-0] - LoginWindow.onLogin() - request MiscUrls
2025-08-01 01:33:53.456 [LE] INFO  [AWT-EventQueue-0] - Setting dir is C:\Users\mrbat\Desktop\495\tws\
2025-08-01 01:33:53.457 [LE] INFO  [AWT-EventQueue-0] - PROXY Cleared HTTP proxy: no valid proxy is present (passing on :0)
2025-08-01 01:33:53.459 [LE] INFO  [AWT-EventQueue-0] - host = cdc1.ibllc.com
2025-08-01 01:33:53.459 [LE] INFO  [AWT-EventQueue-0] - remotePort = 4001
2025-08-01 01:33:53.459 [LE] INFO  [AWT-EventQueue-0] - localPort = 0
2025-08-01 01:33:53.462 [LE] ERROR [AWT-EventQueue-0] - Too many failed login attempts. Please wait 19 seconds before attempting to re-login again.
2025-08-01 01:34:31.683 [LE] INFO  [AWT-EventQueue-0] - LoginWindow.onLogin() - request MiscUrls
2025-08-01 01:34:31.683 [LE] INFO  [AWT-EventQueue-0] - Setting dir is C:\Users\mrbat\Desktop\495\tws\
2025-08-01 01:34:31.684 [LE] INFO  [AWT-EventQueue-0] - PROXY Cleared HTTP proxy: no valid proxy is present (passing on :0)
2025-08-01 01:34:31.686 [LE] INFO  [AWT-EventQueue-0] - host = cdc1.ibllc.com
2025-08-01 01:34:31.686 [LE] INFO  [AWT-EventQueue-0] - remotePort = 4001
2025-08-01 01:34:31.686 [LE] INFO  [AWT-EventQueue-0] - localPort = 0
2025-08-01 01:34:31.689 [LE] INFO  [AWT-EventQueue-0] - SPLASH Creating screen with 11 steps
2025-08-01 01:34:31.699 [LE] INFO  [AWT-EventQueue-0] - UserCredentials.sessionId() [this=1525318516,old=null,new=688c50a6.032b].
2025-08-01 01:34:31.699 [LE] INFO  [AWT-EventQueue-0] - CONN CALC: Last connection attempt time is cleared!
2025-08-01 01:34:31.699 [LE] INFO  [AWT-EventQueue-0] - CONN CALC: Last connection set as now:01:34:31:699
2025-08-01 01:34:31.699 [LE] INFO  [AWT-EventQueue-0] - Prelogin delay:0
2025-08-01 01:34:31.699 [LE] INFO  [AWT-EventQueue-0] - Network monitor is activated
2025-08-01 01:34:31.699 [LE] INFO  [JTS-Login-56] - Starting launcher login thread
2025-08-01 01:34:31.699 [LE] INFO  [JTS-Login-56] - LauncherLoginThread.runLoginWithUI()[hotBackupStrategy=ON,loginAttempt=1,socketDelay=20000].
2025-08-01 01:34:31.700 [LE] INFO  [JTS-Login-56] - SPLASH Connecting to server
2025-08-01 01:34:31.700 [LE] INFO  [JTS-Login-56] - ### startLogin startTime=1754026471699
2025-08-01 01:34:31.700 [LE] INFO  [JTS-Login-56] - ### loginAttempt loginAttempt=1
2025-08-01 01:34:31.700 [LE] INFO  [JTS-Login-56] - AsyncDisconnectNotifiers: 1
2025-08-01 01:34:31.700 [LE] INFO  [JTS-Login-56] - Connecting cdc1.ibllc.com:4001 (SSL) timeout=20000...
2025-08-01 01:34:31.700 [LE] INFO  [JTS-Login-56] - ### onSocketOpenStart socketOpenStart=1754026471700; endPoint=cdc1.ibllc.com; port=4001
2025-08-01 01:34:31.737 [LE] INFO  [JTS-Login-56] - ### onSocketOpenEnd socketOpenEnd=1754026471737
2025-08-01 01:34:31.737 [LE] INFO  [JTS-Login-56] - Connected to cdc1.ibllc.com:4001 (SSL)/8.17.22.31 remote-ip on local port 0 socket local addrs:port /192.168.1.166:57873
2025-08-01 01:34:31.737 [LE] INFO  [JTS-Login-56] - Updating machine info [connectionAddress=/192.168.1.166]...
2025-08-01 01:34:31.737 [LE] INFO  [JTS-Login-56] - JTSAuthConnection.onConnected(): lastKnownCipherStatus=INSECURE
2025-08-01 01:34:31.737 [LE] INFO  [JTS-Login-56] - Changing state for connection from PRELOGON to PRELOGON in B 410830320: SessionSocket:6
2025-08-01 01:34:31.737 [LE] INFO  [JTS-Login-56] - Authenticating
2025-08-01 01:34:31.737 [LE] INFO  [JTS-Login-56] - AuthTimeoutMonitor-CCP: deactivate
2025-08-01 01:34:31.737 [LE] INFO  [JTS-Login-56] - AuthTimeoutMonitor-CCP: timeout=20000
2025-08-01 01:34:31.737 [LE] INFO  [JTS-Login-56] - AuthTimeoutMonitor-CCP: activate
2025-08-01 01:34:31.737 [LE] INFO  [JTS-Login-56] - SPLASH -0001 step 1 AuthDispatcher.connect
2025-08-01 01:34:31.737 [LE] INFO  [JTS-Login-56] - Sending connect request
2025-08-01 01:34:31.737 [LE] INFO  [JTS-Login-56] - AuthDispatcher.initNSMsgVersionLimits: minVersion=38, maxVersion=50
2025-08-01 01:34:31.737 [LE] INFO  [JTS-AuthTimeoutMonitorThread-CCP-60] - Starting auth timeout monitor thread for CCP
2025-08-01 01:34:31.737 [LE] INFO  [JTS-CCPListenerS6-58] - Starting listener thread [sessionID=6]...
2025-08-01 01:34:31.737 [LE] INFO  [JTS-AuthDispatcherS6-59] - Starting dispatcher thread [sessionID=6]...
2025-08-01 01:34:31.739 [LE] INFO  [JTS-Login-56] - AuthDispatcher.NSConnectRequest: userSessionID=688c50a6.032b, beeDemoType=NULL
2025-08-01 01:34:31.739 [LE] INFO  [JTS-Login-56] - ### onNsMsg loginMessageReq=1754026471739; brandNewUser=false
2025-08-01 01:34:31.826 [LE] INFO  [JTS-Login-56] - SPLASH Authenticating
2025-08-01 01:34:31.826 [LE] INFO  [JTS-CCPListenerS6-58] - Initial listener buffer size is 65536.
2025-08-01 01:34:31.826 [LE] INFO  [JTS-CCPListenerS6-58] - Listener thread [sessionID=6] is ready to process messages.
2025-08-01 01:34:31.827 [LE] INFO  [JTS-Login-56] - Terminating launcher login thread
2025-08-01 01:34:31.858 [LE] INFO  [JTS-AuthDispatcherS6-59] - set nsMsgVersion: context=AuthStart; version=50
2025-08-01 01:34:31.858 [LE] INFO  [JTS-AuthDispatcherS6-59] - Received NS_AUTH_START: 1
2025-08-01 01:34:31.858 [LE] INFO  [JTS-AuthDispatcherS6-59] - pwd time to expiry ms: 2348349927000 days: 27180
2025-08-01 01:34:31.858 [LE] INFO  [JTS-AuthDispatcherS6-59] - Long pwd allowed: true
2025-08-01 01:34:31.859 [LE] INFO  [JTS-AuthDispatcherS6-59] -  NS_AUTH_START version=50 pwd=1 soft=0 token(s)=[token=0] initialTokenType=PWD authenticationType=MARKET_DATA_CONNECTION identityHashcode=533972005
2025-08-01 01:34:31.859 [LE] INFO  [JTS-AuthDispatcherS6-59] - ### onStartAuthentication
2025-08-01 01:34:31.859 [LE] INFO  [JTS-AuthDispatcherS6-59] - Starting password Authentication
2025-08-01 01:34:31.859 [LE] INFO  [JTS-AuthDispatcherS6-59] - ### onXyzAuthQuery
2025-08-01 01:34:31.859 [LE] INFO  [JTS-AuthDispatcherS6-59] - sendXYZMessage: 777
2025-08-01 01:34:31.859 [LE] INFO  [JTS-AuthDispatcherS6-59] - UserCredentials.setFrom() [this=1558824886,other=1525318516,old=688c50a6.032b,new=688c50a6.032b].
2025-08-01 01:34:31.861 [LE] INFO  [AWT-EventQueue-0] - SplashScreen: using ads manager
2025-08-01 01:34:31.861 [LE] INFO  [AWT-EventQueue-0] - AdImageContainer: start build ads UI
2025-08-01 01:34:31.861 [LE] INFO  [JTS-CachedThreadExecutor-65] - AdManager: NEXT_AD request https://api.ibkr.com/tws.proxy/info/next?platform=dTWS&size=1200x1000&lang=en&version=null&build=latest
2025-08-01 01:34:31.862 [LE] INFO  [JTS-CachedThreadExecutor-65] - AdManager: sending request with header X-USERNAME
2025-08-01 01:34:31.889 [LE] INFO  [JTS-AuthDispatcherS6-59] - Receiver: 777
2025-08-01 01:34:31.889 [LE] ERROR [JTS-AuthDispatcherS6-59] - ERROR: Received twslaunch.jauthentication.N with userName NOT PRINTED in it - this is not expected
2025-08-01 01:34:31.889 [LE] INFO  [JTS-AuthDispatcherS6-59] - processXYZMessage: 777, protocol version: 50
2025-08-01 01:34:31.889 [LE] INFO  [JTS-AuthDispatcherS6-59] - Received AUTH_PARAMS
2025-08-01 01:34:31.889 [LE] INFO  [JTS-AuthDispatcherS6-59] - ### onXyzAuthParams
2025-08-01 01:34:31.889 [LE] INFO  [JTS-AuthDispatcherS6-59] - sendXYZMessage: 777
2025-08-01 01:34:31.926 [LE] INFO  [JTS-AuthDispatcherS6-59] - Receiver: 777
2025-08-01 01:34:31.926 [LE] ERROR [JTS-AuthDispatcherS6-59] - ERROR: Received twslaunch.jauthentication.N with userName NOT PRINTED in it - this is not expected
2025-08-01 01:34:31.926 [LE] INFO  [JTS-AuthDispatcherS6-59] - processXYZMessage: 777, protocol version: 50
2025-08-01 01:34:31.926 [LE] INFO  [JTS-AuthDispatcherS6-59] - Received SERVER_PARAMS
2025-08-01 01:34:31.926 [LE] INFO  [JTS-AuthDispatcherS6-59] - Session Token received in AuthenticationMessageXYZ=96b26XXXXX.., messageId=SERVER_KEY (4)
2025-08-01 01:34:31.926 [LE] INFO  [JTS-AuthDispatcherS6-59] - sendXYZMessage: 777
2025-08-01 01:34:31.956 [LE] INFO  [JTS-AuthDispatcherS6-59] - SPLASH 0219 step 2 AuthDispatcher.processDataItr
2025-08-01 01:34:31.956 [LE] INFO  [JTS-AuthDispatcherS6-59] - Receiver: 777
2025-08-01 01:34:31.956 [LE] ERROR [JTS-AuthDispatcherS6-59] - ERROR: Received twslaunch.jauthentication.N with userName NOT PRINTED in it - this is not expected
2025-08-01 01:34:31.956 [LE] INFO  [JTS-AuthDispatcherS6-59] - processXYZMessage: 777, protocol version: 50
2025-08-01 01:34:31.956 [LE] INFO  [JTS-AuthDispatcherS6-59] - Received AUTH_RESULT
2025-08-01 01:34:31.956 [LE] INFO  [JTS-AuthDispatcherS6-59] - ### onXyzAuthServerProof
2025-08-01 01:34:31.956 [LE] INFO  [JTS-AuthDispatcherS6-59] - Passed pwd authentication.
2025-08-01 01:34:31.956 [LE] INFO  [JTS-AuthDispatcherS6-59] - Authentication completed.
2025-08-01 01:34:31.956 [LE] INFO  [JTS-AuthDispatcherS6-59] - ### onAuthenticationCompleted tokenProtocol=0; authenticated=true
2025-08-01 01:34:31.956 [LE] INFO  [JTS-AuthDispatcherS6-59] - setting session token in AuthenticationHandler: authenticationType=MARKET_DATA_CONNECTION hashCode=533972005 new=XYZSessionToken[type=SOFT,token=96b26XXXXX..] old=null ctciOld=null
2025-08-01 01:34:31.956 [LE] INFO  [JTS-AuthDispatcherS6-59] - ccp session token non-CTCI is set as XYZSessionToken[type=SOFT,token=96b26XXXXX..] 
2025-08-01 01:34:31.996 [LE] INFO  [JTS-AuthDispatcherS6-59] - Received NS_CONNECT_RESPONSE
2025-08-01 01:34:31.996 [LE] INFO  [JTS-AuthDispatcherS6-59] - Received CCP connect features: [TST, ONELOGON].
2025-08-01 01:34:31.998 [LE] INFO  [JTS-AuthDispatcherS6-59] - Log encryption support is enabled [authType=MARKET_DATA_CONNECTION,logKeyId=aaa,logKey=***,logUploadKey=dhtnuyctsj].
2025-08-01 01:34:31.998 [LE] INFO  [JTS-AuthDispatcherS6-59] - CCP sent paperUser NOT PRINTED for prodUser NOT PRINTED
2025-08-01 01:34:31.998 [LE] INFO  [JTS-AuthDispatcherS6-59] - UserCredentials.setFrom() [this=1558824886,other=1525318516,old=688c50a6.032b,new=688c50a6.032b].
2025-08-01 01:34:31.999 [LE] INFO  [JTS-AuthDispatcherS6-59] - AuthDispatcher.newCommPort()[userDirname=kicbjfhlalemndjpnaddbdcdaabdnacekaedffca,restart=,authToken=null,ccpToken=XYZSessionToken[type=SOFT,token=96b26XXXXX..]].
2025-08-01 01:34:31.999 [LE] INFO  [JTS-AuthDispatcherS6-59] - Daily auto-restart is not enabled.
2025-08-01 01:34:31.999 [LE] INFO  [JTS-AuthDispatcherS6-59] - Sending NSNewcommPort [tokenMask=2,tokens=XYZSessionToken[type=SOFT,token=96b26XXXXX..]],shortTokenHashes=bf3aca02]...
2025-08-01 01:34:32.016 [LE] INFO  [JTS-CachedThreadExecutor-65] - AdManager: NEXT_AD ad is not available
2025-08-01 01:34:32.016 [LE] ERROR [JTS-CachedThreadExecutor-65] - AdsManager: get next image failed with status 404
2025-08-01 01:34:32.016 [LE] INFO  [AWT-EventQueue-0] - AdImageContainer: display regular background image without ads
2025-08-01 01:34:32.016 [LE] INFO  [AWT-EventQueue-0] - Splashscreen: should not show ads
2025-08-01 01:34:32.030 [LE] INFO  [JTS-AuthDispatcherS6-59] - Received NS_FIX_START
2025-08-01 01:34:32.030 [LE] INFO  [JTS-AuthDispatcherS6-59] - ### onNsFixStart
2025-08-01 01:34:32.032 [LE] INFO  [JTS-PostAuthenticateS6-66] - Interrupting dispatcher [sessionID=6]...
2025-08-01 01:34:32.032 [LE] INFO  [JTS-AuthDispatcherS6-59] - Dispatcher thread terminating [sessionID=6,interrupted=true]...
2025-08-01 01:34:32.032 [LE] INFO  [JTS-PostAuthenticateS6-66] - AuthTimeoutMonitor-CCP: deactivate
2025-08-01 01:34:32.032 [LE] INFO  [JTS-PostAuthenticateS6-66] - Authentication complete
2025-08-01 01:34:32.032 [LE] INFO  [JTS-AuthTimeoutMonitorThread-CCP-60] - Terminating auth timeout monitor thread for CCP
2025-08-01 01:34:32.032 [LE] INFO  [JTS-PostAuthenticateS6-66] - Checking which local files need to be updated [relaxedRemoteFileSize: true]...
2025-08-01 01:34:32.033 [LE] INFO  [JTS-PostAuthenticateS6-66] - 0 file(s) need to be updated.
2025-08-01 01:34:32.033 [LE] INFO  [JTS-PostAuthenticateS6-66] - Creating a FixLogonHandlerFactory instance...
2025-08-01 01:34:32.033 [LE] INFO  [JTS-PostAuthenticateS6-66] - getTWSClassLoaderAndInitThreads(): [urls=[file:/C:/Users/mrbat/Desktop/495/tws/jars/jts4launch-1039-windows-x64_1753820093000.dat, file:/C:/Users/mrbat/Desktop/495/tws/jars/jackson-databind-2.12.3_1700085189000.dat, file:/C:/Users/mrbat/Desktop/495/tws/jars/jxbrowser-7.41.3_1727888552000.dat, file:/C:/Users/mrbat/Desktop/495/tws/jars/total-2024_1727361747000.dat, file:/C:/Users/mrbat/Desktop/495/tws/jars/batik-all-1.16_1684763319000.dat, file:/C:/Users/mrbat/Desktop/495/tws/jars/jxbrowser-swing-7.41.3_1727888555000.dat, file:/C:/Users/mrbat/Desktop/495/tws/jars/fop-2.8_1684763319000.dat, file:/C:/Users/mrbat/Desktop/495/tws/jars/protobuf-java-3.25.6_1740684430000.dat, file:/C:/Users/mrbat/Desktop/495/tws/jars/jxbrowser-win64-7.41.3_1727888557000.dat, file:/C:/Users/mrbat/Desktop/495/tws/jars/jackson-annotations-2.12.3_1700085178000.dat, file:/C:/Users/mrbat/Desktop/495/tws/jars/xmlgraphics-commons-2.8_1684763319000.dat]].
2025-08-01 01:34:32.070 [LE] INFO  [JTS-PostAuthenticateS6-66] - Instance created.
2025-08-01 01:34:32.091 [LE] INFO  [AWT-EventQueue-0] - initPreUI() - entry
2025-08-01 01:34:32.094 [LE] INFO  [AWT-EventQueue-0] - Build 10.39.1d, Jul 29, 2025 4:04:39 PM
2025-08-01 01:34:32.116 [LE] INFO  [AWT-EventQueue-0] - LauncherJtsLookAndFeel uninitialized
2025-08-01 01:34:32.116 [LE] INFO  [AWT-EventQueue-0] - LookAndFeelChangedListener installed
2025-08-01 01:34:32.160 [LE] INFO  [AWT-EventQueue-0] - JtsLookAndFeel initialized
2025-08-01 01:34:32.173 [LE] INFO  [JTS-PostAuthenticateS6-66] - prohibiting class lookup [org.jfree.chart.LocalizationBundle]
2025-08-01 01:34:32.174 [LE] INFO  [JTS-PostAuthenticateS6-66] - prohibiting class lookup [org.jfree.chart.LocalizationBundle_en]
2025-08-01 01:34:32.236 [LE] INFO  [JTS-PostAuthenticateS6-66] - prohibiting class lookup [org.jfree.chart.LocalizationBundle_en_US]
2025-08-01 01:34:32.236 [LE] INFO  [JTS-PostAuthenticateS6-66] - prohibiting class lookup [org.jfree.chart.plot.LocalizationBundle]
2025-08-01 01:34:32.236 [LE] INFO  [JTS-PostAuthenticateS6-66] - prohibiting class lookup [org.jfree.chart.plot.LocalizationBundle_en]
2025-08-01 01:34:32.236 [LE] INFO  [JTS-PostAuthenticateS6-66] - prohibiting class lookup [org.jfree.chart.plot.LocalizationBundle_en_US]
2025-08-01 01:34:32.322 [LE] INFO  [JTS-PostAuthenticateS6-66] - jfreechart version =1.0.8
2025-08-01 01:34:32.322 [LE] INFO  [JTS-PostAuthenticateS6-66] - jcommon version =1.0.12
2025-08-01 01:34:32.323 [LE] INFO  [JTS-PostAuthenticateS6-66] - JDOMFactory Class =interface org.jdom.JDOMFactory
2025-08-01 01:34:32.326 [LE] INFO  [JTS-PostAuthenticateS6-66] - hsqldb jdbc =class org.hsqldb.jdbcDriver 2.4
2025-08-01 01:34:32.328 [LE] INFO  [JTS-PostAuthenticateS6-66] - Changing state for connection from PRELOGON to PRELOGON in B 410830320: SessionSocket:6
2025-08-01 01:34:32.328 [LE] INFO  [JTS-PostAuthenticateS6-66] - createOrRenameToNewStyleUserDirectory: no action: use existing newDir=C:\Users\mrbat\Desktop\495\tws\kicbjfhlalemndjpnaddbdcdaabdnacekaedffca
2025-08-01 01:34:32.336 [LE] INFO  [JTS-PostAuthenticateS6-66] - performLogSwitch() [force=false]
2025-08-01 01:34:32.339 [LE] INFO  [JTS-PostAuthenticateS6-66] - Switching to a new encrypted log...
